<?xml version="1.0" encoding="UTF-8"?>
<testng-results ignored="0" total="1" passed="1" failed="0" skipped="0">
  <reporter-output>
  </reporter-output>
  <suite started-at="2023-11-10T10:21:31 PST" name="Default suite" finished-at="2023-11-10T10:21:45 PST" duration-ms="13625">
    <groups>
      <group name="cucumber">
        <method signature="AbstractTestNGCucumberTests.runScenario(io.cucumber.testng.PickleWrapper,io.cucumber.testng.FeatureWrapper)[pri:0, instance:SalesforceRunner@f6efaab]" name="runScenario" class="io.cucumber.testng.AbstractTestNGCucumberTests"/>
      </group> <!-- cucumber -->
    </groups>
    <test started-at="2023-11-10T10:21:31 PST" name="Default test" finished-at="2023-11-10T10:21:45 PST" duration-ms="13625">
      <class name="SalesforceRunner">
        <test-method is-config="true" signature="setUpClass(org.testng.ITestContext)[pri:0, instance:SalesforceRunner@f6efaab]" started-at="2023-11-10T10:21:31 PST" name="setUpClass" finished-at="2023-11-10T10:21:32 PST" duration-ms="339" status="PASS">
          <params>
            <param index="0">
              <value>
                <![CDATA[org.testng.TestRunner@60921b21]]>
              </value>
            </param>
          </params>
          <reporter-output>
          </reporter-output>
        </test-method> <!-- setUpClass -->
        <test-method signature="runScenario(io.cucumber.testng.PickleWrapper,io.cucumber.testng.FeatureWrapper)[pri:0, instance:SalesforceRunner@f6efaab]" started-at="2023-11-10T10:21:32 PST" name="runScenario" description="Runs Cucumber Scenarios" data-provider="scenarios" finished-at="2023-11-10T10:21:45 PST" duration-ms="13104" status="PASS">
          <params>
            <param index="0">
              <value>
                <![CDATA["Valid login to Salesforce"]]>
              </value>
            </param>
            <param index="1">
              <value>
                <![CDATA["Salesforce Login"]]>
              </value>
            </param>
          </params>
          <reporter-output>
          </reporter-output>
        </test-method> <!-- runScenario -->
        <test-method is-config="true" signature="tearDownClass()[pri:0, instance:SalesforceRunner@f6efaab]" started-at="2023-11-10T10:21:45 PST" name="tearDownClass" finished-at="2023-11-10T10:21:45 PST" duration-ms="13" status="PASS">
          <reporter-output>
          </reporter-output>
        </test-method> <!-- tearDownClass -->
      </class> <!-- SalesforceRunner -->
    </test> <!-- Default test -->
  </suite> <!-- Default suite -->
</testng-results>
